2024-07-12 10:41:09:419 [32minfo[39m: [32mServer running on port 9000[39m
2024-07-12 10:41:09:419 [32minfo[39m: [32mGraphQl endpoint: http://localhost:9000/graphql[39m
2024-07-12 10:41:09:419 [32minfo[39m: [32mSwagger UI endpoint: http://localhost:9000/api-docs[39m
2024-07-12 10:41:37:4137 [35mhttp[39m: [35m::ffff:127.0.0.1 POST /graphql 200 444 - 25.796 ms[39m
[35m[39m
2024-07-12 10:47:20:4720 [34minfo[39m: [34mServer running on port 9000[39m
2024-07-12 10:47:20:4720 [34minfo[39m: [34mGraphQl endpoint: http://localhost:9000/graphql[39m
2024-07-12 10:47:20:4720 [34minfo[39m: [34mSwagger UI endpoint: http://localhost:9000/api-docs[39m
2024-07-12 10:49:32:4932 [34minfo[39m: [34mServer running on port 9000[39m
2024-07-12 10:49:32:4932 [34minfo[39m: [34mGraphQl endpoint: http://localhost:9000/graphql[39m
2024-07-12 10:49:32:4932 [34minfo[39m: [34mSwagger UI endpoint: http://localhost:9000/api-docs[39m
2024-07-12 10:49:36:4936 [35mhttp[39m: [35m POST /graphql 200 214 - 20.164 ms[39m
[35m[39m
2024-07-12 10:55:22:5522 [34minfo[39m: [34mServer running on port 9000[39m
2024-07-12 10:55:22:5522 [34minfo[39m: [34mGraphQl endpoint: http://localhost:9000/graphql[39m
2024-07-12 10:55:22:5522 [34minfo[39m: [34mSwagger UI endpoint: http://localhost:9000/api-docs[39m
2024-07-12 15:55:23:5523 [35mhttp[39m: [35mPOST /graphql 200 23638 - 19.654 ms[39m
[35m[39m
2024-07-12 15:55:39:5539 [35mhttp[39m: [35mPOST /graphql 200 23638 - 10.162 ms[39m
[35m[39m
2024-07-12 15:55:40:5540 [35mhttp[39m: [35mPOST /graphql 200 23638 - 8.251 ms[39m
[35m[39m
2024-07-15 09:18:11:1811 [35mhttp[39m: [35mPOST /graphql 200 23638 - 7.486 ms[39m
[35m[39m
2024-07-15 09:18:12:1812 [35mhttp[39m: [35mPOST /graphql 200 23638 - 6.588 ms[39m
[35m[39m